<con:reportTemplate xmlns:con="http://eviware.com/soapui/config">
  <con:name>test</con:name>
  <con:path xsi:nil="true" xmlns:xsi="http://www.w3.org/2001/XMLSchema-instance"/>
  <con:reportType>TESTSUITE</con:reportType>
  <con:reportLevel>MAINREPORT</con:reportLevel>
  <con:nameInReport>TestSuiteReport</con:nameInReport>
  <con:data xsi:nil="true" xmlns:xsi="http://www.w3.org/2001/XMLSchema-instance"/>
  <con:description>NO DESC</con:description>
  <con:subreports>FailedTestStepsReport</con:subreports>
  <con:subreports>TestStepResultsReport</con:subreports>
  <con:scope>PROJECT</con:scope>
  <con:dataSource>UNKNOWN</con:dataSource>
</con:reportTemplate>